<?xml version="1.0" encoding="UTF-8"?>
<!-- Generated by org.testng.reporters.JUnitReportReporter -->
<testsuite hostname="Rohman" failures="0" tests="3" name="mypackage.readexcelDataProvider" time="0.103" errors="0" timestamp="2024-04-04T16:35:10 IST" skipped="0">
  <testcase classname="mypackage.readexcelDataProvider" name="Register" time="0.005"/>
  <system-out/>
  <testcase classname="mypackage.readexcelDataProvider" name="Register" time="0.005"/>
  <system-out/>
  <testcase classname="mypackage.readexcelDataProvider" name="Register" time="0.093"/>
  <system-out/>
</testsuite> <!-- mypackage.readexcelDataProvider -->
